nohup: ignoring input

===== Running run_level2_smoke.sh =====
[2026-05-10 15:33:10] Simulator dir: /home/yifanxu/workspace/SolarChain/SolarSave/Simulator
[2026-05-10 15:33:10] Python: Python 3.12.13
[2026-05-10 15:33:10] Benchmark episodes per scenario: 1
[2026-05-10 15:33:10] n-envs: 4
[2026-05-10 15:33:10] skip existing: 1
[2026-05-10 15:33:10] Training output already exists, skipping train: rl_env/outputs/90_smoke_tests/20260509_153329_smoke_level2_openweather
[2026-05-10 15:33:10] Benchmark already exists, skipping: rl_env/outputs/90_smoke_tests/20260509_153329_smoke_level2_openweather
[2026-05-10 15:33:10] Level 2 smoke experiment completed.

===== Running run_level2_main.sh =====
[2026-05-10 15:33:10] Simulator dir: /home/yifanxu/workspace/SolarChain/SolarSave/Simulator
[2026-05-10 15:33:10] Python: Python 3.12.13
[2026-05-10 15:33:10] Benchmark episodes per scenario: 20
[2026-05-10 15:33:10] n-envs: 4
[2026-05-10 15:33:10] skip existing: 1
[2026-05-10 15:33:11] Training output already exists, skipping train: rl_env/outputs/03_level2_openweather/experiments/20260509_153637_ow_l2_main_seed7_t300k
[2026-05-10 15:33:11] Benchmark already exists, skipping: rl_env/outputs/03_level2_openweather/experiments/20260509_153637_ow_l2_main_seed7_t300k
[2026-05-10 15:33:11] Level 2 main OpenWeather experiment completed.

===== Running run_level2_multiseed.sh =====
[2026-05-10 15:33:11] Simulator dir: /home/yifanxu/workspace/SolarChain/SolarSave/Simulator
[2026-05-10 15:33:11] Python: Python 3.12.13
[2026-05-10 15:33:11] Benchmark episodes per scenario: 20
[2026-05-10 15:33:11] n-envs: 4
[2026-05-10 15:33:11] skip existing: 1
[2026-05-10 15:33:11] Training output already exists, skipping train: rl_env/outputs/03_level2_openweather/experiments/20260509_154354_ow_l2_seed1_t300k
[2026-05-10 15:33:11] Benchmark already exists, skipping: rl_env/outputs/03_level2_openweather/experiments/20260509_154354_ow_l2_seed1_t300k
[2026-05-10 15:33:11] Training output already exists, skipping train: rl_env/outputs/03_level2_openweather/experiments/20260509_154636_ow_l2_seed7_t300k
[2026-05-10 15:33:11] Benchmark already exists, skipping: rl_env/outputs/03_level2_openweather/experiments/20260509_154636_ow_l2_seed7_t300k
[2026-05-10 15:33:11] Training output already exists, skipping train: rl_env/outputs/03_level2_openweather/experiments/20260509_154922_ow_l2_seed42_t300k
[2026-05-10 15:33:11] Benchmark already exists, skipping: rl_env/outputs/03_level2_openweather/experiments/20260509_154922_ow_l2_seed42_t300k
[2026-05-10 15:33:11] Training output already exists, skipping train: rl_env/outputs/03_level2_openweather/experiments/20260509_155207_ow_l2_seed100_t300k
[2026-05-10 15:33:11] Benchmark already exists, skipping: rl_env/outputs/03_level2_openweather/experiments/20260509_155207_ow_l2_seed100_t300k
[2026-05-10 15:33:11] Training output already exists, skipping train: rl_env/outputs/03_level2_openweather/experiments/20260509_155450_ow_l2_seed2026_t300k
[2026-05-10 15:33:11] Benchmark already exists, skipping: rl_env/outputs/03_level2_openweather/experiments/20260509_155450_ow_l2_seed2026_t300k
[2026-05-10 15:33:11] Level 2 multi-seed stability experiments completed.

===== Running run_level2_timesteps.sh =====
[2026-05-10 15:33:11] Simulator dir: /home/yifanxu/workspace/SolarChain/SolarSave/Simulator
[2026-05-10 15:33:11] Python: Python 3.12.13
[2026-05-10 15:33:11] Benchmark episodes per scenario: 20
[2026-05-10 15:33:11] n-envs: 4
[2026-05-10 15:33:11] skip existing: 1
[2026-05-10 15:33:11] Training ow_l2_seed7_t100000 (openweather, seed=7, timesteps=100000)
Using cpu device
----------------------------------
| rollout/           |           |
|    ep_len_mean     | 336       |
|    ep_rew_mean     | -1.08e+03 |
| time/              |           |
|    fps             | 2664      |
|    iterations      | 1         |
|    time_elapsed    | 1         |
|    total_timesteps | 4096      |
----------------------------------
-----------------------------------------
| rollout/                |             |
|    ep_len_mean          | 336         |
|    ep_rew_mean          | -1.08e+03   |
| time/                   |             |
|    fps                  | 2586        |
|    iterations           | 2           |
|    time_elapsed         | 3           |
|    total_timesteps      | 8192        |
| train/                  |             |
|    approx_kl            | 0.005224974 |
|    clip_fraction        | 0.0367      |
|    clip_range           | 0.2         |
|    entropy_loss         | -4.26       |
|    explained_variance   | -0.000624   |
|    learning_rate        | 0.0003      |
|    loss                 | 775         |
|    n_updates            | 10          |
|    policy_gradient_loss | -0.00465    |
|    std                  | 0.998       |
|    value_loss           | 1.89e+03    |
-----------------------------------------
-----------------------------------------
| rollout/                |             |
|    ep_len_mean          | 336         |
|    ep_rew_mean          | -1.07e+03   |
| time/                   |             |
|    fps                  | 2551        |
|    iterations           | 3           |
|    time_elapsed         | 4           |
|    total_timesteps      | 12288       |
| train/                  |             |
|    approx_kl            | 0.004963092 |
|    clip_fraction        | 0.025       |
|    clip_range           | 0.2         |
|    entropy_loss         | -4.25       |
|    explained_variance   | 0.0271      |
|    learning_rate        | 0.0003      |
|    loss                 | 768         |
|    n_updates            | 20          |
|    policy_gradient_loss | -0.00327    |
|    std                  | 0.999       |
|    value_loss           | 1.73e+03    |
-----------------------------------------
------------------------------------------
| rollout/                |              |
|    ep_len_mean          | 336          |
|    ep_rew_mean          | -1.07e+03    |
| time/                   |              |
|    fps                  | 2460         |
|    iterations           | 4            |
|    time_elapsed         | 6            |
|    total_timesteps      | 16384        |
| train/                  |              |
|    approx_kl            | 0.0052408203 |
|    clip_fraction        | 0.0344       |
|    clip_range           | 0.2          |
|    entropy_loss         | -4.25        |
|    explained_variance   | 0.00678      |
|    learning_rate        | 0.0003       |
|    loss                 | 777          |
|    n_updates            | 30           |
|    policy_gradient_loss | -0.00295     |
|    std                  | 0.996        |
|    value_loss           | 1.7e+03      |
------------------------------------------
------------------------------------------
| rollout/                |              |
|    ep_len_mean          | 336          |
|    ep_rew_mean          | -1.07e+03    |
| time/                   |              |
|    fps                  | 2415         |
|    iterations           | 5            |
|    time_elapsed         | 8            |
|    total_timesteps      | 20480        |
| train/                  |              |
|    approx_kl            | 0.0054490166 |
|    clip_fraction        | 0.0389       |
|    clip_range           | 0.2          |
|    entropy_loss         | -4.25        |
|    explained_variance   | 0.00446      |
|    learning_rate        | 0.0003       |
|    loss                 | 777          |
|    n_updates            | 40           |
|    policy_gradient_loss | -0.00282     |
|    std                  | 0.998        |
|    value_loss           | 1.62e+03     |
------------------------------------------
-----------------------------------------
| rollout/                |             |
|    ep_len_mean          | 336         |
|    ep_rew_mean          | -1.07e+03   |
| time/                   |             |
|    fps                  | 2382        |
|    iterations           | 6           |
|    time_elapsed         | 10          |
|    total_timesteps      | 24576       |
| train/                  |             |
|    approx_kl            | 0.005518222 |
|    clip_fraction        | 0.0339      |
|    clip_range           | 0.2         |
|    entropy_loss         | -4.25       |
|    explained_variance   | 0.00247     |
|    learning_rate        | 0.0003      |
|    loss                 | 705         |
|    n_updates            | 50          |
|    policy_gradient_loss | -0.00398    |
|    std                  | 0.994       |
|    value_loss           | 1.55e+03    |
-----------------------------------------
------------------------------------------
| rollout/                |              |
|    ep_len_mean          | 336          |
|    ep_rew_mean          | -1.07e+03    |
| time/                   |              |
|    fps                  | 2384         |
|    iterations           | 7            |
|    time_elapsed         | 12           |
|    total_timesteps      | 28672        |
| train/                  |              |
|    approx_kl            | 0.0043850495 |
|    clip_fraction        | 0.0261       |
|    clip_range           | 0.2          |
|    entropy_loss         | -4.25        |
|    explained_variance   | 0.00125      |
|    learning_rate        | 0.0003       |
|    loss                 | 664          |
|    n_updates            | 60           |
|    policy_gradient_loss | -0.00287     |
|    std                  | 0.999        |
|    value_loss           | 1.41e+03     |
------------------------------------------
-----------------------------------------
| rollout/                |             |
|    ep_len_mean          | 336         |
|    ep_rew_mean          | -1.06e+03   |
| time/                   |             |
|    fps                  | 2399        |
|    iterations           | 8           |
|    time_elapsed         | 13          |
|    total_timesteps      | 32768       |
| train/                  |             |
|    approx_kl            | 0.004453809 |
|    clip_fraction        | 0.0289      |
|    clip_range           | 0.2         |
|    entropy_loss         | -4.26       |
|    explained_variance   | 0.00108     |
|    learning_rate        | 0.0003      |
|    loss                 | 601         |
|    n_updates            | 70          |
|    policy_gradient_loss | -0.003      |
|    std                  | 1           |
|    value_loss           | 1.33e+03    |
-----------------------------------------
------------------------------------------
| rollout/                |              |
|    ep_len_mean          | 336          |
|    ep_rew_mean          | -1.06e+03    |
| time/                   |              |
|    fps                  | 2406         |
|    iterations           | 9            |
|    time_elapsed         | 15           |
|    total_timesteps      | 36864        |
| train/                  |              |
|    approx_kl            | 0.0059955237 |
|    clip_fraction        | 0.0497       |
|    clip_range           | 0.2          |
|    entropy_loss         | -4.25        |
|    explained_variance   | 0.000639     |
|    learning_rate        | 0.0003       |
|    loss                 | 560          |
|    n_updates            | 80           |
|    policy_gradient_loss | -0.00495     |
|    std                  | 0.995        |
|    value_loss           | 1.23e+03     |
------------------------------------------
------------------------------------------
| rollout/                |              |
|    ep_len_mean          | 336          |
|    ep_rew_mean          | -1.05e+03    |
| time/                   |              |
|    fps                  | 2416         |
|    iterations           | 10           |
|    time_elapsed         | 16           |
|    total_timesteps      | 40960        |
| train/                  |              |
|    approx_kl            | 0.0056865984 |
|    clip_fraction        | 0.0409       |
|    clip_range           | 0.2          |
|    entropy_loss         | -4.23        |
|    explained_variance   | 0.000921     |
|    learning_rate        | 0.0003       |
|    loss                 | 550          |
|    n_updates            | 90           |
|    policy_gradient_loss | -0.00486     |
|    std                  | 0.989        |
|    value_loss           | 1.2e+03      |
------------------------------------------
------------------------------------------
| rollout/                |              |
|    ep_len_mean          | 336          |
|    ep_rew_mean          | -1.05e+03    |
| time/                   |              |
|    fps                  | 2401         |
|    iterations           | 11           |
|    time_elapsed         | 18           |
|    total_timesteps      | 45056        |
| train/                  |              |
|    approx_kl            | 0.0041880254 |
|    clip_fraction        | 0.0185       |
|    clip_range           | 0.2          |
|    entropy_loss         | -4.22        |
|    explained_variance   | 0.000637     |
|    learning_rate        | 0.0003       |
|    loss                 | 500          |
|    n_updates            | 100          |
|    policy_gradient_loss | -0.00259     |
|    std                  | 0.987        |
|    value_loss           | 1.11e+03     |
------------------------------------------
-----------------------------------------
| rollout/                |             |
|    ep_len_mean          | 336         |
|    ep_rew_mean          | -1.04e+03   |
| time/                   |             |
|    fps                  | 2387        |
|    iterations           | 12          |
|    time_elapsed         | 20          |
|    total_timesteps      | 49152       |
| train/                  |             |
|    approx_kl            | 0.006027066 |
|    clip_fraction        | 0.0559      |
|    clip_range           | 0.2         |
|    entropy_loss         | -4.21       |
|    explained_variance   | 0.000314    |
|    learning_rate        | 0.0003      |
|    loss                 | 489         |
|    n_updates            | 110         |
|    policy_gradient_loss | -0.0049     |
|    std                  | 0.983       |
|    value_loss           | 1.06e+03    |
-----------------------------------------
-----------------------------------------
| rollout/                |             |
|    ep_len_mean          | 336         |
|    ep_rew_mean          | -1.03e+03   |
| time/                   |             |
|    fps                  | 2376        |
|    iterations           | 13          |
|    time_elapsed         | 22          |
|    total_timesteps      | 53248       |
| train/                  |             |
|    approx_kl            | 0.003935531 |
|    clip_fraction        | 0.00957     |
|    clip_range           | 0.2         |
|    entropy_loss         | -4.21       |
|    explained_variance   | 0.000326    |
|    learning_rate        | 0.0003      |
|    loss                 | 468         |
|    n_updates            | 120         |
|    policy_gradient_loss | -0.00212    |
|    std                  | 0.982       |
|    value_loss           | 1e+03       |
-----------------------------------------
-----------------------------------------
| rollout/                |             |
|    ep_len_mean          | 336         |
|    ep_rew_mean          | -1.03e+03   |
| time/                   |             |
|    fps                  | 2382        |
|    iterations           | 14          |
|    time_elapsed         | 24          |
|    total_timesteps      | 57344       |
| train/                  |             |
|    approx_kl            | 0.005640066 |
|    clip_fraction        | 0.0315      |
|    clip_range           | 0.2         |
|    entropy_loss         | -4.19       |
|    explained_variance   | 0.000319    |
|    learning_rate        | 0.0003      |
|    loss                 | 419         |
|    n_updates            | 130         |
|    policy_gradient_loss | -0.0031     |
|    std                  | 0.976       |
|    value_loss           | 908         |
-----------------------------------------
------------------------------------------
| rollout/                |              |
|    ep_len_mean          | 336          |
|    ep_rew_mean          | -1.02e+03    |
| time/                   |              |
|    fps                  | 2389         |
|    iterations           | 15           |
|    time_elapsed         | 25           |
|    total_timesteps      | 61440        |
| train/                  |              |
|    approx_kl            | 0.0072449856 |
|    clip_fraction        | 0.0699       |
|    clip_range           | 0.2          |
|    entropy_loss         | -4.18        |
|    explained_variance   | 0.000197     |
|    learning_rate        | 0.0003       |
|    loss                 | 354          |
|    n_updates            | 140          |
|    policy_gradient_loss | -0.00637     |
|    std                  | 0.971        |
|    value_loss           | 826          |
------------------------------------------
-----------------------------------------
| rollout/                |             |
|    ep_len_mean          | 336         |
|    ep_rew_mean          | -1.02e+03   |
| time/                   |             |
|    fps                  | 2394        |
|    iterations           | 16          |
|    time_elapsed         | 27          |
|    total_timesteps      | 65536       |
| train/                  |             |
|    approx_kl            | 0.004708183 |
|    clip_fraction        | 0.0308      |
|    clip_range           | 0.2         |
|    entropy_loss         | -4.18       |
|    explained_variance   | 0.000277    |
|    learning_rate        | 0.0003      |
|    loss                 | 358         |
|    n_updates            | 150         |
|    policy_gradient_loss | -0.00333    |
|    std                  | 0.978       |
|    value_loss           | 783         |
-----------------------------------------
-----------------------------------------
| rollout/                |             |
|    ep_len_mean          | 336         |
|    ep_rew_mean          | -1.01e+03   |
| time/                   |             |
|    fps                  | 2394        |
|    iterations           | 17          |
|    time_elapsed         | 29          |
|    total_timesteps      | 69632       |
| train/                  |             |
|    approx_kl            | 0.003920926 |
|    clip_fraction        | 0.0328      |
|    clip_range           | 0.2         |
|    entropy_loss         | -4.19       |
|    explained_variance   | 0.000217    |
|    learning_rate        | 0.0003      |
|    loss                 | 311         |
|    n_updates            | 160         |
|    policy_gradient_loss | -0.00375    |
|    std                  | 0.98        |
|    value_loss           | 712         |
-----------------------------------------
-----------------------------------------
| rollout/                |             |
|    ep_len_mean          | 336         |
|    ep_rew_mean          | -1e+03      |
| time/                   |             |
|    fps                  | 2397        |
|    iterations           | 18          |
|    time_elapsed         | 30          |
|    total_timesteps      | 73728       |
| train/                  |             |
|    approx_kl            | 0.005631162 |
|    clip_fraction        | 0.034       |
|    clip_range           | 0.2         |
|    entropy_loss         | -4.18       |
|    explained_variance   | 0.000189    |
|    learning_rate        | 0.0003      |
|    loss                 | 295         |
|    n_updates            | 170         |
|    policy_gradient_loss | -0.00348    |
|    std                  | 0.975       |
|    value_loss           | 670         |
-----------------------------------------
------------------------------------------
| rollout/                |              |
|    ep_len_mean          | 336          |
|    ep_rew_mean          | -996         |
| time/                   |              |
|    fps                  | 2397         |
|    iterations           | 19           |
|    time_elapsed         | 32           |
|    total_timesteps      | 77824        |
| train/                  |              |
|    approx_kl            | 0.0063271066 |
|    clip_fraction        | 0.0603       |
|    clip_range           | 0.2          |
|    entropy_loss         | -4.17        |
|    explained_variance   | 0.000168     |
|    learning_rate        | 0.0003       |
|    loss                 | 250          |
|    n_updates            | 180          |
|    policy_gradient_loss | -0.00559     |
|    std                  | 0.973        |
|    value_loss           | 587          |
------------------------------------------
------------------------------------------
| rollout/                |              |
|    ep_len_mean          | 336          |
|    ep_rew_mean          | -988         |
| time/                   |              |
|    fps                  | 2400         |
|    iterations           | 20           |
|    time_elapsed         | 34           |
|    total_timesteps      | 81920        |
| train/                  |              |
|    approx_kl            | 0.0061243773 |
|    clip_fraction        | 0.0591       |
|    clip_range           | 0.2          |
|    entropy_loss         | -4.18        |
|    explained_variance   | 0.000131     |
|    learning_rate        | 0.0003       |
|    loss                 | 220          |
|    n_updates            | 190          |
|    policy_gradient_loss | -0.00507     |
|    std                  | 0.976        |
|    value_loss           | 520          |
------------------------------------------
-----------------------------------------
| rollout/                |             |
|    ep_len_mean          | 336         |
|    ep_rew_mean          | -979        |
| time/                   |             |
|    fps                  | 2391        |
|    iterations           | 21          |
|    time_elapsed         | 35          |
|    total_timesteps      | 86016       |
| train/                  |             |
|    approx_kl            | 0.006187264 |
|    clip_fraction        | 0.0435      |
|    clip_range           | 0.2         |
|    entropy_loss         | -4.15       |
|    explained_variance   | 0.000141    |
|    learning_rate        | 0.0003      |
|    loss                 | 219         |
|    n_updates            | 200         |
|    policy_gradient_loss | -0.00559    |
|    std                  | 0.961       |
|    value_loss           | 495         |
-----------------------------------------
-----------------------------------------
| rollout/                |             |
|    ep_len_mean          | 336         |
|    ep_rew_mean          | -974        |
| time/                   |             |
|    fps                  | 2394        |
|    iterations           | 22          |
|    time_elapsed         | 37          |
|    total_timesteps      | 90112       |
| train/                  |             |
|    approx_kl            | 0.004446032 |
|    clip_fraction        | 0.0262      |
|    clip_range           | 0.2         |
|    entropy_loss         | -4.13       |
|    explained_variance   | 0.000145    |
|    learning_rate        | 0.0003      |
|    loss                 | 214         |
|    n_updates            | 210         |
|    policy_gradient_loss | -0.0036     |
|    std                  | 0.96        |
|    value_loss           | 487         |
-----------------------------------------
------------------------------------------
| rollout/                |              |
|    ep_len_mean          | 336          |
|    ep_rew_mean          | -969         |
| time/                   |              |
|    fps                  | 2397         |
|    iterations           | 23           |
|    time_elapsed         | 39           |
|    total_timesteps      | 94208        |
| train/                  |              |
|    approx_kl            | 0.0060135797 |
|    clip_fraction        | 0.0468       |
|    clip_range           | 0.2          |
|    entropy_loss         | -4.12        |
|    explained_variance   | 0.000149     |
|    learning_rate        | 0.0003       |
|    loss                 | 210          |
|    n_updates            | 220          |
|    policy_gradient_loss | -0.00469     |
|    std                  | 0.957        |
|    value_loss           | 454          |
------------------------------------------
------------------------------------------
| rollout/                |              |
|    ep_len_mean          | 336          |
|    ep_rew_mean          | -965         |
| time/                   |              |
|    fps                  | 2401         |
|    iterations           | 24           |
|    time_elapsed         | 40           |
|    total_timesteps      | 98304        |
| train/                  |              |
|    approx_kl            | 0.0056369575 |
|    clip_fraction        | 0.0528       |
|    clip_range           | 0.2          |
|    entropy_loss         | -4.12        |
|    explained_variance   | 9.34e-05     |
|    learning_rate        | 0.0003       |
|    loss                 | 176          |
|    n_updates            | 230          |
|    policy_gradient_loss | -0.00591     |
|    std                  | 0.956        |
|    value_loss           | 411          |
------------------------------------------
------------------------------------------
| rollout/                |              |
|    ep_len_mean          | 336          |
|    ep_rew_mean          | -960         |
| time/                   |              |
|    fps                  | 2401         |
|    iterations           | 25           |
|    time_elapsed         | 42           |
|    total_timesteps      | 102400       |
| train/                  |              |
|    approx_kl            | 0.0044229957 |
|    clip_fraction        | 0.0353       |
|    clip_range           | 0.2          |
|    entropy_loss         | -4.12        |
|    explained_variance   | 0.000103     |
|    learning_rate        | 0.0003       |
|    loss                 | 151          |
|    n_updates            | 240          |
|    policy_gradient_loss | -0.00361     |
|    std                  | 0.959        |
|    value_loss           | 351          |
------------------------------------------
Saved PPO model to rl_env/outputs/03_level2_openweather/experiments/20260510_153313_ow_l2_seed7_t100000/leader_agent.zip
Run output directory: rl_env/outputs/03_level2_openweather/experiments/20260510_153313_ow_l2_seed7_t100000
[2026-05-10 15:33:57] Benchmarking rl_env/outputs/03_level2_openweather/experiments/20260510_153313_ow_l2_seed7_t100000
Wrote detailed results to rl_env/outputs/03_level2_openweather/experiments/20260510_153313_ow_l2_seed7_t100000/benchmark/20260510_153359_eval_all/benchmark_results.csv
Wrote summary to rl_env/outputs/03_level2_openweather/experiments/20260510_153313_ow_l2_seed7_t100000/benchmark/20260510_153359_eval_all/benchmark_summary.json
Wrote per-scenario summary to rl_env/outputs/03_level2_openweather/experiments/20260510_153313_ow_l2_seed7_t100000/benchmark/20260510_153359_eval_all/benchmark_by_scenario.json
Run output directory: rl_env/outputs/03_level2_openweather/experiments/20260510_153313_ow_l2_seed7_t100000/benchmark/20260510_153359_eval_all
{
  "ppo_leader": {
    "return": -913.941068087282,
    "episode_volume": 10571840.274210839,
    "liquidity_floor": 0.0,
    "final_liquidity": 0.0,
    "mean_liquidity": 79674.28611634832,
    "low_liquidity_steps": 190.81428571428572,
    "max_drawdown": 0.961212733398051,
    "final_token_price": 0.050542099942243006,
    "mean_action_oscillation": 0.06169000150025192,
    "total_unmet_demand": 13779162.59674596
  },
  "static_1_to_3": {
    "return": -946.7058409759276,
    "episode_volume": 9033334.54514588,
    "liquidity_floor": 0.0,
    "final_liquidity": 0.0,
    "mean_liquidity": 48773.79969278717,
    "low_liquidity_steps": 214.9857142857143,
    "max_drawdown": 0.961122296058865,
    "final_token_price": 0.050406938888987285,
    "mean_action_oscillation": 5.952429048539629e-05,
    "total_unmet_demand": 15265582.768919064
  },
  "ppo_vs_static_delta_pct": {
    "episode_volume": 17.03142645028777,
    "liquidity_floor": 0.0,
    "mean_liquidity": 63.354683494406544,
    "low_liquidity_steps": 11.243271978204534,
    "max_drawdown": -0.009409555844959032,
    "total_unmet_demand": 9.737067982753173
  }
}
[2026-05-10 15:34:25] Training ow_l2_seed7_t300000 (openweather, seed=7, timesteps=300000)
Using cpu device
----------------------------------
| rollout/           |           |
|    ep_len_mean     | 336       |
|    ep_rew_mean     | -1.08e+03 |
| time/              |           |
|    fps             | 2819      |
|    iterations      | 1         |
|    time_elapsed    | 1         |
|    total_timesteps | 4096      |
----------------------------------
-----------------------------------------
| rollout/                |             |
|    ep_len_mean          | 336         |
|    ep_rew_mean          | -1.08e+03   |
| time/                   |             |
|    fps                  | 2588        |
|    iterations           | 2           |
|    time_elapsed         | 3           |
|    total_timesteps      | 8192        |
| train/                  |             |
|    approx_kl            | 0.005224974 |
|    clip_fraction        | 0.0367      |
|    clip_range           | 0.2         |
|    entropy_loss         | -4.26       |
|    explained_variance   | -0.000624   |
|    learning_rate        | 0.0003      |
|    loss                 | 775         |
|    n_updates            | 10          |
|    policy_gradient_loss | -0.00465    |
|    std                  | 0.998       |
|    value_loss           | 1.89e+03    |
-----------------------------------------
-----------------------------------------
| rollout/                |             |
|    ep_len_mean          | 336         |
|    ep_rew_mean          | -1.07e+03   |
| time/                   |             |
|    fps                  | 2567        |
|    iterations           | 3           |
|    time_elapsed         | 4           |
|    total_timesteps      | 12288       |
| train/                  |             |
|    approx_kl            | 0.004963092 |
|    clip_fraction        | 0.025       |
|    clip_range           | 0.2         |
|    entropy_loss         | -4.25       |
|    explained_variance   | 0.0271      |
|    learning_rate        | 0.0003      |
|    loss                 | 768         |
|    n_updates            | 20          |
|    policy_gradient_loss | -0.00327    |
|    std                  | 0.999       |
|    value_loss           | 1.73e+03    |
-----------------------------------------
------------------------------------------
| rollout/                |              |
|    ep_len_mean          | 336          |
|    ep_rew_mean          | -1.07e+03    |
| time/                   |              |
|    fps                  | 2544         |
|    iterations           | 4            |
|    time_elapsed         | 6            |
|    total_timesteps      | 16384        |
| train/                  |              |
|    approx_kl            | 0.0052408203 |
|    clip_fraction        | 0.0344       |
|    clip_range           | 0.2          |
|    entropy_loss         | -4.25        |
|    explained_variance   | 0.00678      |
|    learning_rate        | 0.0003       |
|    loss                 | 777          |
|    n_updates            | 30           |
|    policy_gradient_loss | -0.00295     |
|    std                  | 0.996        |
|    value_loss           | 1.7e+03      |
------------------------------------------
------------------------------------------
| rollout/                |              |
|    ep_len_mean          | 336          |
|    ep_rew_mean          | -1.07e+03    |
| time/                   |              |
|    fps                  | 2480         |
|    iterations           | 5            |
|    time_elapsed         | 8            |
|    total_timesteps      | 20480        |
| train/                  |              |
|    approx_kl            | 0.0054490166 |
|    clip_fraction        | 0.0389       |
|    clip_range           | 0.2          |
|    entropy_loss         | -4.25        |
|    explained_variance   | 0.00446      |
|    learning_rate        | 0.0003       |
|    loss                 | 777          |
|    n_updates            | 40           |
|    policy_gradient_loss | -0.00282     |
|    std                  | 0.998        |
|    value_loss           | 1.62e+03     |
------------------------------------------
-----------------------------------------
| rollout/                |             |
|    ep_len_mean          | 336         |
|    ep_rew_mean          | -1.07e+03   |
| time/                   |             |
|    fps                  | 2477        |
|    iterations           | 6           |
|    time_elapsed         | 9           |
|    total_timesteps      | 24576       |
| train/                  |             |
|    approx_kl            | 0.005518222 |
|    clip_fraction        | 0.0339      |
|    clip_range           | 0.2         |
|    entropy_loss         | -4.25       |
|    explained_variance   | 0.00247     |
|    learning_rate        | 0.0003      |
|    loss                 | 705         |
|    n_updates            | 50          |
|    policy_gradient_loss | -0.00398    |
|    std                  | 0.994       |
|    value_loss           | 1.55e+03    |
-----------------------------------------
------------------------------------------
| rollout/                |              |
|    ep_len_mean          | 336          |
|    ep_rew_mean          | -1.07e+03    |
| time/                   |              |
|    fps                  | 2441         |
|    iterations           | 7            |
|    time_elapsed         | 11           |
|    total_timesteps      | 28672        |
| train/                  |              |
|    approx_kl            | 0.0043850495 |
|    clip_fraction        | 0.0261       |
|    clip_range           | 0.2          |
|    entropy_loss         | -4.25        |
|    explained_variance   | 0.00125      |
|    learning_rate        | 0.0003       |
|    loss                 | 664          |
|    n_updates            | 60           |
|    policy_gradient_loss | -0.00287     |
|    std                  | 0.999        |
|    value_loss           | 1.41e+03     |
------------------------------------------
-----------------------------------------
| rollout/                |             |
|    ep_len_mean          | 336         |
|    ep_rew_mean          | -1.06e+03   |
| time/                   |             |
|    fps                  | 2413        |
|    iterations           | 8           |
|    time_elapsed         | 13          |
|    total_timesteps      | 32768       |
| train/                  |             |
|    approx_kl            | 0.004453809 |
|    clip_fraction        | 0.0289      |
|    clip_range           | 0.2         |
|    entropy_loss         | -4.26       |
|    explained_variance   | 0.00108     |
|    learning_rate        | 0.0003      |
|    loss                 | 601         |
|    n_updates            | 70          |
|    policy_gradient_loss | -0.003      |
|    std                  | 1           |
|    value_loss           | 1.33e+03    |
-----------------------------------------
------------------------------------------
| rollout/                |              |
|    ep_len_mean          | 336          |
|    ep_rew_mean          | -1.06e+03    |
| time/                   |              |
|    fps                  | 2422         |
|    iterations           | 9            |
|    time_elapsed         | 15           |
|    total_timesteps      | 36864        |
| train/                  |              |
|    approx_kl            | 0.0059955237 |
|    clip_fraction        | 0.0497       |
|    clip_range           | 0.2          |
|    entropy_loss         | -4.25        |
|    explained_variance   | 0.000639     |
|    learning_rate        | 0.0003       |
|    loss                 | 560          |
|    n_updates            | 80           |
|    policy_gradient_loss | -0.00495     |
|    std                  | 0.995        |
|    value_loss           | 1.23e+03     |
------------------------------------------
------------------------------------------
| rollout/                |              |
|    ep_len_mean          | 336          |
|    ep_rew_mean          | -1.05e+03    |
| time/                   |              |
|    fps                  | 2403         |
|    iterations           | 10           |
|    time_elapsed         | 17           |
|    total_timesteps      | 40960        |
| train/                  |              |
|    approx_kl            | 0.0056865984 |
|    clip_fraction        | 0.0409       |
|    clip_range           | 0.2          |
|    entropy_loss         | -4.23        |
|    explained_variance   | 0.000921     |
|    learning_rate        | 0.0003       |
|    loss                 | 550          |
|    n_updates            | 90           |
|    policy_gradient_loss | -0.00486     |
|    std                  | 0.989        |
|    value_loss           | 1.2e+03      |
------------------------------------------
------------------------------------------
| rollout/                |              |
|    ep_len_mean          | 336          |
|    ep_rew_mean          | -1.05e+03    |
| time/                   |              |
|    fps                  | 2388         |
|    iterations           | 11           |
|    time_elapsed         | 18           |
|    total_timesteps      | 45056        |
| train/                  |              |
|    approx_kl            | 0.0041880254 |
|    clip_fraction        | 0.0185       |
|    clip_range           | 0.2          |
|    entropy_loss         | -4.22        |
|    explained_variance   | 0.000637     |
|    learning_rate        | 0.0003       |
|    loss                 | 500          |
|    n_updates            | 100          |
|    policy_gradient_loss | -0.00259     |
|    std                  | 0.987        |
|    value_loss           | 1.11e+03     |
------------------------------------------
-----------------------------------------
| rollout/                |             |
|    ep_len_mean          | 336         |
|    ep_rew_mean          | -1.04e+03   |
| time/                   |             |
|    fps                  | 2394        |
|    iterations           | 12          |
|    time_elapsed         | 20          |
|    total_timesteps      | 49152       |
| train/                  |             |
|    approx_kl            | 0.006027066 |
|    clip_fraction        | 0.0559      |
|    clip_range           | 0.2         |
|    entropy_loss         | -4.21       |
|    explained_variance   | 0.000314    |
|    learning_rate        | 0.0003      |
|    loss                 | 489         |
|    n_updates            | 110         |
|    policy_gradient_loss | -0.0049     |
|    std                  | 0.983       |
|    value_loss           | 1.06e+03    |
-----------------------------------------
-----------------------------------------
| rollout/                |             |
|    ep_len_mean          | 336         |
|    ep_rew_mean          | -1.03e+03   |
| time/                   |             |
|    fps                  | 2398        |
|    iterations           | 13          |
|    time_elapsed         | 22          |
|    total_timesteps      | 53248       |
| train/                  |             |
|    approx_kl            | 0.003935531 |
|    clip_fraction        | 0.00957     |
|    clip_range           | 0.2         |
|    entropy_loss         | -4.21       |
|    explained_variance   | 0.000326    |
|    learning_rate        | 0.0003      |
|    loss                 | 468         |
|    n_updates            | 120         |
|    policy_gradient_loss | -0.00212    |
|    std                  | 0.982       |
|    value_loss           | 1e+03       |
-----------------------------------------
-----------------------------------------
| rollout/                |             |
|    ep_len_mean          | 336         |
|    ep_rew_mean          | -1.03e+03   |
| time/                   |             |
|    fps                  | 2387        |
|    iterations           | 14          |
|    time_elapsed         | 24          |
|    total_timesteps      | 57344       |
| train/                  |             |
|    approx_kl            | 0.005640066 |
|    clip_fraction        | 0.0315      |
|    clip_range           | 0.2         |
|    entropy_loss         | -4.19       |
|    explained_variance   | 0.000319    |
|    learning_rate        | 0.0003      |
|    loss                 | 419         |
|    n_updates            | 130         |
|    policy_gradient_loss | -0.0031     |
|    std                  | 0.976       |
|    value_loss           | 908         |
-----------------------------------------
------------------------------------------
| rollout/                |              |
|    ep_len_mean          | 336          |
|    ep_rew_mean          | -1.02e+03    |
| time/                   |              |
|    fps                  | 2375         |
|    iterations           | 15           |
|    time_elapsed         | 25           |
|    total_timesteps      | 61440        |
| train/                  |              |
|    approx_kl            | 0.0072449856 |
|    clip_fraction        | 0.0699       |
|    clip_range           | 0.2          |
|    entropy_loss         | -4.18        |
|    explained_variance   | 0.000197     |
|    learning_rate        | 0.0003       |
|    loss                 | 354          |
|    n_updates            | 140          |
|    policy_gradient_loss | -0.00637     |
|    std                  | 0.971        |
|    value_loss           | 826          |
------------------------------------------
-----------------------------------------
| rollout/                |             |
|    ep_len_mean          | 336         |
|    ep_rew_mean          | -1.02e+03   |
| time/                   |             |
|    fps                  | 2365        |
|    iterations           | 16          |
|    time_elapsed         | 27          |
|    total_timesteps      | 65536       |
| train/                  |             |
|    approx_kl            | 0.004708183 |
|    clip_fraction        | 0.0308      |
|    clip_range           | 0.2         |
|    entropy_loss         | -4.18       |
|    explained_variance   | 0.000277    |
|    learning_rate        | 0.0003      |
|    loss                 | 358         |
|    n_updates            | 150         |
|    policy_gradient_loss | -0.00333    |
|    std                  | 0.978       |
|    value_loss           | 783         |
-----------------------------------------
-----------------------------------------
| rollout/                |             |
|    ep_len_mean          | 336         |
|    ep_rew_mean          | -1.01e+03   |
| time/                   |             |
|    fps                  | 2370        |
|    iterations           | 17          |
|    time_elapsed         | 29          |
|    total_timesteps      | 69632       |
| train/                  |             |
|    approx_kl            | 0.003920926 |
|    clip_fraction        | 0.0328      |
|    clip_range           | 0.2         |
|    entropy_loss         | -4.19       |
|    explained_variance   | 0.000217    |
|    learning_rate        | 0.0003      |
|    loss                 | 311         |
|    n_updates            | 160         |
|    policy_gradient_loss | -0.00375    |
|    std                  | 0.98        |
|    value_loss           | 712         |
-----------------------------------------
